<?xml version="1.0" encoding="UTF-8"?>
<testng-results ignored="0" total="2" passed="2" failed="0" skipped="0">
  <reporter-output>
  </reporter-output>
  <suite started-at="2022-02-12T10:57:49 IST" name="Suite" finished-at="2022-02-12T10:57:49 IST" duration-ms="90">
    <groups>
    </groups>
    <test started-at="2022-02-12T10:57:49 IST" name="IT Department" finished-at="2022-02-12T10:57:49 IST" duration-ms="90">
      <class name="scripts.TestNGclass">
        <test-method is-config="true" signature="beforeSuit()[pri:0, instance:scripts.TestNGclass@7fa98a66]" started-at="2022-02-12T10:57:49 IST" name="beforeSuit" finished-at="2022-02-12T10:57:49 IST" duration-ms="12" status="PASS">
          <reporter-output>
          </reporter-output>
        </test-method> <!-- beforeSuit -->
        <test-method is-config="true" signature="beforeTest()[pri:0, instance:scripts.TestNGclass@7fa98a66]" started-at="2022-02-12T10:57:49 IST" name="beforeTest" finished-at="2022-02-12T10:57:49 IST" duration-ms="1" status="PASS">
          <reporter-output>
          </reporter-output>
        </test-method> <!-- beforeTest -->
        <test-method is-config="true" signature="beforeClass()[pri:0, instance:scripts.TestNGclass@7fa98a66]" started-at="2022-02-12T10:57:49 IST" name="beforeClass" finished-at="2022-02-12T10:57:49 IST" duration-ms="1" status="PASS">
          <reporter-output>
          </reporter-output>
        </test-method> <!-- beforeClass -->
        <test-method is-config="true" signature="beforeMethod()[pri:0, instance:scripts.TestNGclass@7fa98a66]" started-at="2022-02-12T10:57:49 IST" name="beforeMethod" finished-at="2022-02-12T10:57:49 IST" duration-ms="1" status="PASS">
          <reporter-output>
          </reporter-output>
        </test-method> <!-- beforeMethod -->
        <test-method signature="runTest1()[pri:0, instance:scripts.TestNGclass@7fa98a66]" started-at="2022-02-12T10:57:49 IST" name="runTest1" finished-at="2022-02-12T10:57:49 IST" duration-ms="11" status="PASS">
          <reporter-output>
          </reporter-output>
        </test-method> <!-- runTest1 -->
        <test-method is-config="true" signature="afterMethod()[pri:0, instance:scripts.TestNGclass@7fa98a66]" started-at="2022-02-12T10:57:49 IST" name="afterMethod" finished-at="2022-02-12T10:57:49 IST" duration-ms="1" status="PASS">
          <reporter-output>
          </reporter-output>
        </test-method> <!-- afterMethod -->
        <test-method is-config="true" signature="beforeMethod()[pri:0, instance:scripts.TestNGclass@7fa98a66]" started-at="2022-02-12T10:57:49 IST" name="beforeMethod" finished-at="2022-02-12T10:57:49 IST" duration-ms="2" status="PASS">
          <reporter-output>
          </reporter-output>
        </test-method> <!-- beforeMethod -->
        <test-method signature="runTest2()[pri:0, instance:scripts.TestNGclass@7fa98a66]" started-at="2022-02-12T10:57:49 IST" name="runTest2" finished-at="2022-02-12T10:57:49 IST" duration-ms="5" status="PASS">
          <reporter-output>
          </reporter-output>
        </test-method> <!-- runTest2 -->
        <test-method is-config="true" signature="afterMethod()[pri:0, instance:scripts.TestNGclass@7fa98a66]" started-at="2022-02-12T10:57:49 IST" name="afterMethod" finished-at="2022-02-12T10:57:49 IST" duration-ms="1" status="PASS">
          <reporter-output>
          </reporter-output>
        </test-method> <!-- afterMethod -->
        <test-method is-config="true" signature="afterClass()[pri:0, instance:scripts.TestNGclass@7fa98a66]" started-at="2022-02-12T10:57:49 IST" name="afterClass" finished-at="2022-02-12T10:57:49 IST" duration-ms="1" status="PASS">
          <reporter-output>
          </reporter-output>
        </test-method> <!-- afterClass -->
        <test-method is-config="true" signature="afterTest()[pri:0, instance:scripts.TestNGclass@7fa98a66]" started-at="2022-02-12T10:57:49 IST" name="afterTest" finished-at="2022-02-12T10:57:49 IST" duration-ms="1" status="PASS">
          <reporter-output>
          </reporter-output>
        </test-method> <!-- afterTest -->
        <test-method is-config="true" signature="afterSuit()[pri:0, instance:scripts.TestNGclass@7fa98a66]" started-at="2022-02-12T10:57:50 IST" name="afterSuit" finished-at="2022-02-12T10:57:50 IST" duration-ms="1" status="PASS">
          <reporter-output>
          </reporter-output>
        </test-method> <!-- afterSuit -->
      </class> <!-- scripts.TestNGclass -->
    </test> <!-- IT Department -->
  </suite> <!-- Suite -->
</testng-results>
