<?xml version="1.0" encoding="UTF-8"?>
<!-- Generated by org.testng.reporters.JUnitXMLReporter -->
<testsuite ignored="4" hostname="DESKTOP-RV1N74I" failures="0" tests="7" name="Default test" time="0.081" errors="0" timestamp="2022-02-08T15:28:38 IST">
  <testcase classname="scripts.TestNGclass" name="runTest1" time="0.005"/>
  <testcase classname="scripts.TestNGclass" name="runTest2" time="0.003"/>
  <testcase classname="scripts.TestNGclass" name="runTest1" time="0.001"/>
  <testcase classname="scripts.TestNGclass" name="runTest2" time="0.001"/>
  <testcase classname="scripts.TestNGclassChild" name="testcase1" time="0.002"/>
  <testcase classname="scripts.TestNGclassChild" name="testcase2" time="0.002"/>
  <testcase classname="scripts.TestNGclassChild" name="testcase3" time="0.001"/>
  <testcase classname="scripts.TestNGclass" name="@AfterTest afterTest" time="0.0">
    <ignored/>
  </testcase> <!-- @AfterTest afterTest -->
  <testcase classname="scripts.TestNGclass" name="@BeforeSuite beforeSuit" time="0.0">
    <ignored/>
  </testcase> <!-- @BeforeSuite beforeSuit -->
  <testcase classname="scripts.TestNGclass" name="@BeforeTest beforeTest" time="0.0">
    <ignored/>
  </testcase> <!-- @BeforeTest beforeTest -->
  <testcase classname="scripts.TestNGclass" name="@AfterSuite afterSuit" time="0.0">
    <ignored/>
  </testcase> <!-- @AfterSuite afterSuit -->
</testsuite> <!-- Default test -->
